  [1m[36m (1.2ms)[0m  [1mCREATE TABLE "schema_migrations" ("version" varchar NOT NULL) [0m
  [1m[35m (0.0ms)[0m  select sqlite_version(*)
  [1m[36m (1.0ms)[0m  [1mCREATE UNIQUE INDEX "unique_schema_migrations" ON "schema_migrations" ("version")[0m
  [1m[35mActiveRecord::SchemaMigration Load (0.1ms)[0m  SELECT "schema_migrations".* FROM "schema_migrations"
  [1m[36mActiveRecord::SchemaMigration Load (0.1ms)[0m  [1mSELECT "schema_migrations".* FROM "schema_migrations"[0m
Migrating to CreatePosts (20151230232412)
  [1m[35m (0.1ms)[0m  begin transaction
  [1m[36m (0.4ms)[0m  [1mCREATE TABLE "posts" ("id" INTEGER PRIMARY KEY AUTOINCREMENT NOT NULL, "title" varchar, "description" text, "created_at" datetime NOT NULL, "updated_at" datetime NOT NULL) [0m
  [1m[35mSQL (0.2ms)[0m  INSERT INTO "schema_migrations" ("version") VALUES (?)  [["version", "20151230232412"]]
  [1m[36m (1.3ms)[0m  [1mcommit transaction[0m
  [1m[35mActiveRecord::SchemaMigration Load (0.1ms)[0m  SELECT "schema_migrations".* FROM "schema_migrations"


Started GET "/" for ::1 at 2016-09-21 19:19:28 -0400
  [1m[36mActiveRecord::SchemaMigration Load (0.1ms)[0m  [1mSELECT "schema_migrations".* FROM "schema_migrations"[0m
Processing by Rails::WelcomeController#index as HTML
  Rendered /Users/Dima/.rvm/gems/ruby-2.3.0/gems/railties-4.2.5/lib/rails/templates/rails/welcome/index.html.erb (1.4ms)
Completed 200 OK in 17ms (Views: 8.2ms | ActiveRecord: 0.0ms)


Started GET "/posts" for ::1 at 2016-09-21 19:19:37 -0400
Processing by PostsController#index as HTML
  [1m[35mPost Load (0.1ms)[0m  SELECT "posts".* FROM "posts"
  Rendered posts/index.html.erb within layouts/application (1.1ms)
Completed 200 OK in 376ms (Views: 373.4ms | ActiveRecord: 0.2ms)


Started GET "/assets/application.self-e80e8f2318043e8af94dddc2adad5a4f09739a8ebb323b3ab31cd71d45fd9113.css?body=1" for ::1 at 2016-09-21 19:19:37 -0400


Started GET "/assets/application.self-3b8dabdc891efe46b9a144b400ad69e37d7e5876bdc39dee783419a69d7ca819.js?body=1" for ::1 at 2016-09-21 19:19:37 -0400


Started GET "/posts" for ::1 at 2016-09-21 19:20:45 -0400
Processing by PostsController#index as HTML
  [1m[36mPost Load (0.1ms)[0m  [1mSELECT "posts".* FROM "posts"[0m
  Rendered posts/index.html.erb within layouts/application (0.4ms)
Completed 200 OK in 12ms (Views: 11.3ms | ActiveRecord: 0.1ms)


Started GET "/posts" for ::1 at 2016-09-21 19:22:59 -0400
  [1m[36mActiveRecord::SchemaMigration Load (0.1ms)[0m  [1mSELECT "schema_migrations".* FROM "schema_migrations"[0m
Processing by PostsController#index as HTML
  [1m[35mPost Load (0.1ms)[0m  SELECT "posts".* FROM "posts"
  Rendered posts/index.html.erb within layouts/application (2.1ms)
Completed 200 OK in 229ms (Views: 220.6ms | ActiveRecord: 0.2ms)


Started GET "/posts" for ::1 at 2016-09-21 19:25:28 -0400
Processing by PostsController#index as HTML
  [1m[36mPost Load (0.1ms)[0m  [1mSELECT "posts".* FROM "posts"[0m
  Rendered posts/index.html.erb within layouts/application (0.8ms)
Completed 200 OK in 25ms (Views: 23.7ms | ActiveRecord: 0.1ms)


Started GET "/assets/application.self-e80e8f2318043e8af94dddc2adad5a4f09739a8ebb323b3ab31cd71d45fd9113.css?body=1" for ::1 at 2016-09-21 19:25:28 -0400


Started GET "/assets/jquery.self-bd7ddd393353a8d2480a622e80342adf488fb6006d667e8b42e4c0073393abee.js?body=1" for ::1 at 2016-09-21 19:25:28 -0400


Started GET "/assets/jquery_ujs.self-784a997f6726036b1993eb2217c9cb558e1cbb801c6da88105588c56f13b466a.js?body=1" for ::1 at 2016-09-21 19:25:28 -0400


Started GET "/assets/turbolinks.self-c5acd7a204f5f25ce7a1d8a0e4d92e28d34c9e2df2c7371cd7af88e147e4ad82.js?body=1" for ::1 at 2016-09-21 19:25:28 -0400


Started GET "/assets/application.self-3b8dabdc891efe46b9a144b400ad69e37d7e5876bdc39dee783419a69d7ca819.js?body=1" for ::1 at 2016-09-21 19:25:28 -0400


Started GET "/posts" for ::1 at 2016-09-21 19:29:09 -0400
  [1m[36mActiveRecord::SchemaMigration Load (0.1ms)[0m  [1mSELECT "schema_migrations".* FROM "schema_migrations"[0m
Processing by PostsController#index as HTML
  [1m[35mPost Load (0.1ms)[0m  SELECT "posts".* FROM "posts"
  Rendered posts/index.html.erb within layouts/application (2.3ms)
Completed 200 OK in 262ms (Views: 253.1ms | ActiveRecord: 0.2ms)


Started GET "/assets/application.self-e80e8f2318043e8af94dddc2adad5a4f09739a8ebb323b3ab31cd71d45fd9113.css?body=1" for ::1 at 2016-09-21 19:29:09 -0400


Started GET "/assets/jquery.self-bd7ddd393353a8d2480a622e80342adf488fb6006d667e8b42e4c0073393abee.js?body=1" for ::1 at 2016-09-21 19:29:09 -0400


Started GET "/assets/jquery_ujs.self-784a997f6726036b1993eb2217c9cb558e1cbb801c6da88105588c56f13b466a.js?body=1" for ::1 at 2016-09-21 19:29:09 -0400


Started GET "/assets/application.self-3b8dabdc891efe46b9a144b400ad69e37d7e5876bdc39dee783419a69d7ca819.js?body=1" for ::1 at 2016-09-21 19:29:09 -0400


Started GET "/assets/turbolinks.self-c5acd7a204f5f25ce7a1d8a0e4d92e28d34c9e2df2c7371cd7af88e147e4ad82.js?body=1" for ::1 at 2016-09-21 19:29:09 -0400


Started GET "/posts" for ::1 at 2016-09-21 19:29:14 -0400
Processing by PostsController#index as HTML
  [1m[36mPost Load (0.2ms)[0m  [1mSELECT "posts".* FROM "posts"[0m
  Rendered posts/index.html.erb within layouts/application (0.7ms)
Completed 200 OK in 11ms (Views: 9.8ms | ActiveRecord: 0.2ms)


Started GET "/assets/application.self-e80e8f2318043e8af94dddc2adad5a4f09739a8ebb323b3ab31cd71d45fd9113.css?body=1" for ::1 at 2016-09-21 19:29:14 -0400


Started GET "/assets/application.self-3b8dabdc891efe46b9a144b400ad69e37d7e5876bdc39dee783419a69d7ca819.js?body=1" for ::1 at 2016-09-21 19:29:14 -0400


Started GET "/assets/turbolinks.self-c5acd7a204f5f25ce7a1d8a0e4d92e28d34c9e2df2c7371cd7af88e147e4ad82.js?body=1" for ::1 at 2016-09-21 19:29:14 -0400


Started GET "/assets/jquery.self-bd7ddd393353a8d2480a622e80342adf488fb6006d667e8b42e4c0073393abee.js?body=1" for ::1 at 2016-09-21 19:29:14 -0400


Started GET "/assets/jquery_ujs.self-784a997f6726036b1993eb2217c9cb558e1cbb801c6da88105588c56f13b466a.js?body=1" for ::1 at 2016-09-21 19:29:14 -0400
